<?xml version="1.0" encoding="UTF-8"?>
<!-- Generated by org.testng.reporters.JUnitXMLReporter -->
<testsuite ignored="4" hostname="LTIN189640" failures="3" tests="11" name="Test" time="207.234" errors="0" timestamp="2024-02-28T16:29:39 IST">
  <testcase classname="TestCases.TC_01WebDevelopmentCourses" name="search" time="43.495"/>
  <testcase classname="TestCases.TC_01WebDevelopmentCourses" name="filters" time="1.09"/>
  <testcase classname="TestCases.TC_01WebDevelopmentCourses" name="courses" time="0.015">
    <failure type="java.io.FileNotFoundException" message="C:\Users\2303843\eclipse-workspace\IdentifyCourses\testData\Book1.xlsx (The system cannot find the file specified)">
      <![CDATA[java.io.FileNotFoundException: C:\Users\2303843\eclipse-workspace\IdentifyCourses\testData\Book1.xlsx (The system cannot find the file specified)
at java.base/java.io.FileInputStream.open0(Native Method)
at java.base/java.io.FileInputStream.open(FileInputStream.java:216)
at java.base/java.io.FileInputStream.<init>(FileInputStream.java:157)
at java.base/java.io.FileInputStream.<init>(FileInputStream.java:111)
at Utility.excel.setcelldata(excel.java:23)
at TestCases.TC_01WebDevelopmentCourses.courses(TC_01WebDevelopmentCourses.java:50)
at java.base/java.util.ArrayList.forEach(ArrayList.java:1511)
... Removed 27 stack frames]]>
    </failure>
  </testcase> <!-- courses -->
  <testcase classname="TestCases.TC_01WebDevelopmentCourses" name="firstcourse" time="0.792"/>
  <testcase classname="TestCases.TC_01WebDevelopmentCourses" name="secondcourse" time="0.2"/>
  <testcase classname="TestCases.TC_02LanguageLearning" name="lang_learn" time="6.16"/>
  <testcase classname="TestCases.TC_02LanguageLearning" name="levels" time="0.051">
    <failure type="java.io.FileNotFoundException" message="C:\Users\2303843\eclipse-workspace\IdentifyCourses\testData\Book1.xlsx (The system cannot find the file specified)">
      <![CDATA[java.io.FileNotFoundException: C:\Users\2303843\eclipse-workspace\IdentifyCourses\testData\Book1.xlsx (The system cannot find the file specified)
at java.base/java.io.FileInputStream.open0(Native Method)
at java.base/java.io.FileInputStream.open(FileInputStream.java:216)
at java.base/java.io.FileInputStream.<init>(FileInputStream.java:157)
at java.base/java.io.FileInputStream.<init>(FileInputStream.java:111)
at Utility.excel.setcelldata(excel.java:23)
at TestCases.TC_02LanguageLearning.levels(TC_02LanguageLearning.java:42)
at java.base/java.util.ArrayList.forEach(ArrayList.java:1511)
... Removed 27 stack frames]]>
    </failure>
  </testcase> <!-- levels -->
  <testcase classname="TestCases.TC_02LanguageLearning" name="languages" time="0.271">
    <failure type="java.io.FileNotFoundException" message="C:\Users\2303843\eclipse-workspace\IdentifyCourses\testData\Book1.xlsx (The system cannot find the file specified)">
      <![CDATA[java.io.FileNotFoundException: C:\Users\2303843\eclipse-workspace\IdentifyCourses\testData\Book1.xlsx (The system cannot find the file specified)
at java.base/java.io.FileInputStream.open0(Native Method)
at java.base/java.io.FileInputStream.open(FileInputStream.java:216)
at java.base/java.io.FileInputStream.<init>(FileInputStream.java:157)
at java.base/java.io.FileInputStream.<init>(FileInputStream.java:111)
at Utility.excel.setcelldata(excel.java:23)
at TestCases.TC_02LanguageLearning.languages(TC_02LanguageLearning.java:65)
at java.base/java.util.ArrayList.forEach(ArrayList.java:1511)
... Removed 27 stack frames]]>
    </failure>
  </testcase> <!-- languages -->
  <testcase classname="TestCases.TC_02LanguageLearning" name="enterprise" time="88.74"/>
  <testcase classname="TestCases.TC_03FillingForm" name="form" time="4.576"/>
  <testcase classname="TestCases.TC_03FillingForm" name="error_msg" time="0.34"/>
  <testcase classname="factory.BaseClass" name="@BeforeTest driver_setup" time="0.0">
    <ignored/>
  </testcase> <!-- @BeforeTest driver_setup -->
  <testcase classname="factory.BaseClass" name="@AfterTest close_browser" time="0.0">
    <ignored/>
  </testcase> <!-- @AfterTest close_browser -->
  <testcase classname="factory.BaseClass" name="@BeforeTest driver_setup" time="0.0">
    <ignored/>
  </testcase> <!-- @BeforeTest driver_setup -->
  <testcase classname="factory.BaseClass" name="@AfterTest close_browser" time="0.0">
    <ignored/>
  </testcase> <!-- @AfterTest close_browser -->
</testsuite> <!-- Test -->
